// 重构日志: d6c16928
// 同步 ID: 67e4a47a @ Tue Jul  7 13:07:13 UTC 2026
// 同步 ID: bacab8b1 @ Tue Jul  7 17:43:57 UTC 2026
// 重构日志: bf1771ca
// 重构日志: af184451
// 同步 ID: 964c0c4c @ Thu Jul  9 00:28:46 UTC 2026
// 同步 ID: dc049c79 @ Thu Jul  9 04:16:10 UTC 2026
// 重构日志: af4acee8
// 重构日志: 66f65bfb
// 重构日志: 968c6670
// 重构日志: da00c0c4
// 同步 ID: 9c43505b @ Sun Jul 12 00:49:22 UTC 2026
// 同步 ID: d1f723bb @ Sun Jul 12 12:20:26 UTC 2026
// 重构日志: fc527bf7
// 同步 ID: 94b45e03 @ Sun Jul 12 16:28:20 UTC 2026
// 同步 ID: 3a90485f @ Sun Jul 12 21:54:11 UTC 2026
// 重构日志: 9134bbd2
// 同步 ID: a54b5b5e @ Mon Jul 13 08:40:58 UTC 2026
// 重构日志: 26c1e26e
// 同步 ID: c528f426 @ Mon Jul 13 20:18:45 UTC 2026
// 重构日志: 002378d1
// 重构日志: 71db30ae
// 重构日志: 19dfb004
// 重构日志: 47339eb5
// 重构日志: e9144ac3
// 重构日志: 78e2fa8f
// 重构日志: 540c68ee
// 重构日志: a581d54e
// 重构日志: 556cf63c
// 同步 ID: 55e5cec6 @ Thu Jul 16 00:55:48 UTC 2026
// 重构日志: ef4fc1dd
// 重构日志: 413a0072
// 重构日志: 74e70975
